#
# A fatal error has been detected by the Java Runtime Environment:
#
#  Internal Error (javaCalls.cpp:51), pid=51812, tid=0x0000000000005303
#  guarantee(thread->is_Java_thread()) failed: crucial check - the VM thread cannot and must not escape to Java code
#
# JRE version: Java(TM) SE Runtime Environment (8.0_211-b12) (build 1.8.0_211-b12)
# Java VM: Java HotSpot(TM) 64-Bit Server VM (25.211-b12 mixed mode bsd-amd64 compressed oops)
# Failed to write core dump. Core dumps have been disabled. To enable core dumping, try "ulimit -c unlimited" before starting Java again
#
# If you would like to submit a bug report, please visit:
#   http://bugreport.java.com/bugreport/crash.jsp
#

---------------  T H R E A D  ---------------

Current thread (0x00007f9f9c01b000):  VMThread [stack: 0x00007000065a5000,0x00007000066a5000] [id=21251]

Stack: [0x00007000065a5000,0x00007000066a5000],  sp=0x00007000066a3b50,  free space=1018k
Native frames: (J=compiled Java code, j=interpreted, Vv=VM code, C=native code)
V  [libjvm.dylib+0x5b6994]  VMError::report_and_die()+0x3f8
V  [libjvm.dylib+0x1e9bdd]  report_vm_error(char const*, int, char const*, char const*)+0x54
V  [libjvm.dylib+0x2f03c0]  JavaCallWrapper::JavaCallWrapper(methodHandle, Handle, JavaValue*, Thread*)+0x64
V  [libjvm.dylib+0x2f0c78]  JavaCalls::call_helper(JavaValue*, methodHandle*, JavaCallArguments*, Thread*)+0x608
V  [libjvm.dylib+0x2f11ab]  JavaCalls::call_special(JavaValue*, KlassHandle, Symbol*, Symbol*, JavaCallArguments*, Thread*)+0x111
V  [libjvm.dylib+0x24478f]  Exceptions::new_exception(Thread*, Symbol*, Symbol*, JavaCallArguments*, Handle, Handle)+0xc7
V  [libjvm.dylib+0x24488a]  Exceptions::new_exception(Thread*, Symbol*, Symbol*, JavaCallArguments*, Handle, Handle, Handle)+0x28
V  [libjvm.dylib+0x244ae9]  Exceptions::new_exception(Thread*, Symbol*, char const*, Handle, Handle, Handle, Exceptions::ExceptionMsgToUtf8Mode)+0x169
V  [libjvm.dylib+0x244b04]  Exceptions::new_exception(Thread*, Symbol*, char const*, Exceptions::ExceptionMsgToUtf8Mode)+0x18
V  [libjvm.dylib+0x2889a3]  GenerateOopMap::verify_error(char const*, ...)+0xed
V  [libjvm.dylib+0x288ee3]  GenerateOopMap::do_astore(int)+0x65
V  [libjvm.dylib+0x28b608]  GenerateOopMap::interp_bb(BasicBlock*)+0x104
V  [libjvm.dylib+0x28b857]  GenerateOopMap::interp_all()+0x31
V  [libjvm.dylib+0x28bdee]  GenerateOopMap::do_interpretation()+0x44
V  [libjvm.dylib+0x28c207]  GenerateOopMap::compute_map(Thread*)+0x1fb
V  [libjvm.dylib+0x4861f5]  OopMapForCacheEntry::compute_map(Thread*)+0x8f
V  [libjvm.dylib+0x4863fe]  OopMapCacheEntry::fill(methodHandle, int)+0x19e
V  [libjvm.dylib+0x4865df]  OopMapCache::compute_one_oop_map(methodHandle, int, InterpreterOopMap*)+0x16b
V  [libjvm.dylib+0x486896]  OopMapCache::lookup(methodHandle, int, InterpreterOopMap*) const+0x25c
V  [libjvm.dylib+0x2c3b34]  InstanceKlass::mask_for(methodHandle, int, InterpreterOopMap*)+0xd2
V  [libjvm.dylib+0x453f21]  Method::mask_for(int, InterpreterOopMap*)+0xb3
V  [libjvm.dylib+0x39c033]  VM_GetOrSetLocal::doit()+0x47
V  [libjvm.dylib+0x5be615]  VM_Operation::evaluate()+0x4f
V  [libjvm.dylib+0x5bcbad]  VMThread::evaluate_operation(VM_Operation*)+0xdf
V  [libjvm.dylib+0x5bcffa]  VMThread::loop()+0x328
V  [libjvm.dylib+0x5bc919]  VMThread::run()+0x79
V  [libjvm.dylib+0x48f30a]  java_start(Thread*)+0xf6
C  [libsystem_pthread.dylib+0x5d36]  _pthread_start+0x7d
C  [libsystem_pthread.dylib+0x258f]  thread_start+0xf

VM_Operation (0x0000700006bb69f8): GetOrSetLocal, mode: safepoint, requested by thread 0x00007f9f9c806000


---------------  P R O C E S S  ---------------

Java Threads: ( => current thread )
  0x00007f9f9b95c000 JavaThread "Attach Listener" daemon [_thread_blocked, id=16643, stack(0x00007000072cf000,0x00007000073cf000)]
  0x00007f9f9c807800 JavaThread "Service Thread" daemon [_thread_blocked, id=16899, stack(0x00007000070c9000,0x00007000071c9000)]
  0x00007f9f9b825000 JavaThread "C1 CompilerThread2" daemon [_thread_blocked, id=17411, stack(0x0000700006fc6000,0x00007000070c6000)]
  0x00007f9f9b824000 JavaThread "C2 CompilerThread1" daemon [_thread_blocked, id=17667, stack(0x0000700006ec3000,0x0000700006fc3000)]
  0x00007f9f9b81c800 JavaThread "C2 CompilerThread0" daemon [_thread_blocked, id=14339, stack(0x0000700006dc0000,0x0000700006ec0000)]
  0x00007f9f9c801000 JavaThread "JDWP Command Reader" daemon [_thread_in_native, id=17923, stack(0x0000700006cbd000,0x0000700006dbd000)]
  0x00007f9f9c805000 JavaThread "JDWP Event Helper Thread" daemon [_thread_blocked, id=18179, stack(0x0000700006bba000,0x0000700006cba000)]
  0x00007f9f9c806000 JavaThread "JDWP Transport Listener: dt_socket" daemon [_thread_blocked, id=18695, stack(0x0000700006ab7000,0x0000700006bb7000)]
  0x00007f9f9c803000 JavaThread "Signal Dispatcher" daemon [_thread_blocked, id=13315, stack(0x00007000069b4000,0x0000700006ab4000)]
  0x00007f9f9d02c000 JavaThread "Finalizer" daemon [_thread_blocked, id=11523, stack(0x00007000067ab000,0x00007000068ab000)]
  0x00007f9f9b804800 JavaThread "Reference Handler" daemon [_thread_blocked, id=11011, stack(0x00007000066a8000,0x00007000067a8000)]
  0x00007f9f9c005000 JavaThread "main" [_thread_blocked, id=3331, stack(0x0000700006096000,0x0000700006196000)]

Other Threads:
=>0x00007f9f9c01b000 VMThread [stack: 0x00007000065a5000,0x00007000066a5000] [id=21251]
  0x00007f9f9c044800 WatcherThread [stack: 0x00007000071cc000,0x00007000072cc000] [id=15363]

VM state:at safepoint (normal execution)

VM Mutex/Monitor currently owned by a thread:  ([mutex/lock_event])
[0x00007f9f9b502e80] Threads_lock - owner thread: 0x00007f9f9c01b000

heap address: 0x0000000740000000, size: 2048 MB, Compressed Oops mode: Zero based, Oop shift amount: 3
Narrow klass base: 0x0000000000000000, Narrow klass shift: 3
Compressed class space size: 1073741824 Address: 0x00000007c0000000

Heap:
 PSYoungGen      total 38400K, used 11354K [0x0000000795580000, 0x0000000798000000, 0x00000007c0000000)
  eden space 33280K, 34% used [0x0000000795580000,0x0000000796096bb8,0x0000000797600000)
  from space 5120K, 0% used [0x0000000797b00000,0x0000000797b00000,0x0000000798000000)
  to   space 5120K, 0% used [0x0000000797600000,0x0000000797600000,0x0000000797b00000)
 ParOldGen       total 87552K, used 0K [0x0000000740000000, 0x0000000745580000, 0x0000000795580000)
  object space 87552K, 0% used [0x0000000740000000,0x0000000740000000,0x0000000745580000)
 Metaspace       used 6924K, capacity 7162K, committed 7296K, reserved 1056768K
  class space    used 725K, capacity 813K, committed 896K, reserved 1048576K

Card table byte_map: [0x000000010a579000,0x000000010a97a000] byte_map_base: 0x0000000106b79000

Marking Bits: (ParMarkBitMap*) 0x0000000109afbe40
 Begin Bits: [0x000000011a42e000, 0x000000011c42e000)
 End Bits:   [0x000000011c42e000, 0x000000011e42e000)

Polling page: 0x0000000108906000

CodeCache: size=245760Kb used=2021Kb max_used=2021Kb free=243738Kb
 bounds [0x000000010b42e000, 0x000000010b69e000, 0x000000011a42e000]
 total_blobs=705 nmethods=392 adapters=235
 compilation: enabled

Compilation events (10 events):
Event: 3245.827 Thread 0x00007f9f9b825000  391       3       org.eclipse.jdt.launching.internal.org.objectweb.asm.SymbolTable::addConstantMethodref (24 bytes)
Event: 3245.827 Thread 0x00007f9f9b825000 nmethod 391 0x000000010b571b50 code [0x000000010b571cc0, 0x000000010b571ee8]
Event: 3245.827 Thread 0x00007f9f9b825000  392       3       org.eclipse.jdt.launching.internal.org.objectweb.asm.MethodWriter::visitLineNumber (50 bytes)
Event: 3245.828 Thread 0x00007f9f9b825000 nmethod 392 0x000000010b625f10 code [0x000000010b6260a0, 0x000000010b6264f8]
Event: 3393.445 Thread 0x00007f9f9b825000  394       3       org.eclipse.jdt.launching.internal.org.objectweb.asm.MethodWriter::visitLabel (328 bytes)
Event: 3393.446 Thread 0x00007f9f9b825000 nmethod 394 0x000000010b626710 code [0x000000010b626920, 0x000000010b627478]
Event: 3393.446 Thread 0x00007f9f9b825000  393       3       org.eclipse.jdt.launching.internal.org.objectweb.asm.ByteVector::put122 (93 bytes)
Event: 3393.447 Thread 0x00007f9f9b825000 nmethod 393 0x000000010b627890 code [0x000000010b627a00, 0x000000010b627ce8]
Event: 3393.447 Thread 0x00007f9f9b825000  395       3       org.eclipse.jdt.launching.internal.org.objectweb.asm.SymbolTable::hash (15 bytes)
Event: 3393.447 Thread 0x00007f9f9b825000 nmethod 395 0x000000010b627f10 code [0x000000010b628080, 0x000000010b628358]

GC Heap History (0 events):
No events

Deoptimization events (0 events):
No events

Classes redefined (4 events):
Event: 2488.760 Thread 0x00007f9f9c01b000 redefined class name=ReAccessLogAggregate, count=1
Event: 3005.881 Thread 0x00007f9f9c01b000 redefined class name=ReAccessLogAggregate, count=2
Event: 3245.826 Thread 0x00007f9f9c01b000 redefined class name=ReAccessLogAggregate, count=3
Event: 3393.450 Thread 0x00007f9f9c01b000 redefined class name=ReAccessLogAggregate, count=4

Internal exceptions (8 events):
Event: 0.060 Thread 0x00007f9f9c005000 Exception <a 'java/lang/NoSuchMethodError': Method sun.misc.Unsafe.defineClass(Ljava/lang/String;[BII)Ljava/lang/Class; name or signature does not match> (0x0000000795587cb0) thrown at [/Users/java_re/workspace/8-2-build-macosx-x86_64/jdk8u211/12973/hotsp
Event: 0.060 Thread 0x00007f9f9c005000 Exception <a 'java/lang/NoSuchMethodError': Method sun.misc.Unsafe.prefetchRead(Ljava/lang/Object;J)V name or signature does not match> (0x0000000795587f98) thrown at [/Users/java_re/workspace/8-2-build-macosx-x86_64/jdk8u211/12973/hotspot/src/share/vm/pr
Event: 0.637 Thread 0x00007f9f9c005000 Exception <a 'java/lang/NoSuchFieldError': method resolution failed> (0x0000000795cd14e0) thrown at [/Users/java_re/workspace/8-2-build-macosx-x86_64/jdk8u211/12973/hotspot/src/share/vm/prims/methodHandles.cpp, line 1167]
Event: 0.649 Thread 0x00007f9f9c005000 Exception <a 'java/lang/NoSuchFieldError': method resolution failed> (0x0000000795cdf358) thrown at [/Users/java_re/workspace/8-2-build-macosx-x86_64/jdk8u211/12973/hotspot/src/share/vm/prims/methodHandles.cpp, line 1167]
Event: 3.992 Thread 0x00007f9f9b95c000 Exception <a 'java/security/PrivilegedActionException'> (0x0000000795fa5490) thrown at [/Users/java_re/workspace/8-2-build-macosx-x86_64/jdk8u211/12973/hotspot/src/share/vm/prims/jvm.cpp, line 1502]
Event: 3.992 Thread 0x00007f9f9b95c000 Exception <a 'java/security/PrivilegedActionException'> (0x0000000795fa5888) thrown at [/Users/java_re/workspace/8-2-build-macosx-x86_64/jdk8u211/12973/hotspot/src/share/vm/prims/jvm.cpp, line 1502]
Event: 3.993 Thread 0x00007f9f9b95c000 Exception <a 'java/security/PrivilegedActionException'> (0x0000000795fa8da0) thrown at [/Users/java_re/workspace/8-2-build-macosx-x86_64/jdk8u211/12973/hotspot/src/share/vm/prims/jvm.cpp, line 1502]
Event: 3.993 Thread 0x00007f9f9b95c000 Exception <a 'java/security/PrivilegedActionException'> (0x0000000795fa9198) thrown at [/Users/java_re/workspace/8-2-build-macosx-x86_64/jdk8u211/12973/hotspot/src/share/vm/prims/jvm.cpp, line 1502]

Events (10 events):
Event: 3393.465 Executing VM operation: ChangeBreakpoints done
Event: 3393.518 Executing VM operation: GetOwnedMonitorInfo
Event: 3393.518 Executing VM operation: GetOwnedMonitorInfo done
Event: 3393.518 Executing VM operation: GetCurrentContendedMonitor
Event: 3393.518 Executing VM operation: GetCurrentContendedMonitor done
Event: 3461.529 Executing VM operation: ChangeBreakpoints
Event: 3461.529 Executing VM operation: ChangeBreakpoints done
Event: 3461.533 Executing VM operation: ChangeBreakpoints
Event: 3461.533 Executing VM operation: ChangeBreakpoints done
Event: 3538.534 Executing VM operation: GetOrSetLocal


Dynamic libraries:
0x00007fff37877000 	/System/Library/Frameworks/Cocoa.framework/Versions/A/Cocoa
0x00007fff44e2b000 	/System/Library/Frameworks/Security.framework/Versions/A/Security
0x00007fff36817000 	/System/Library/Frameworks/ApplicationServices.framework/Versions/A/ApplicationServices
0x00007fff6f057000 	/usr/lib/libz.1.dylib
0x00007fff6cb3f000 	/usr/lib/libSystem.B.dylib
0x00007fff6e97f000 	/usr/lib/libobjc.A.dylib
0x00007fff387e0000 	/System/Library/Frameworks/CoreFoundation.framework/Versions/A/CoreFoundation
0x00007fff3aea3000 	/System/Library/Frameworks/Foundation.framework/Versions/C/Foundation
0x00007fff35a0f000 	/System/Library/Frameworks/AppKit.framework/Versions/C/AppKit
0x00007fff382f4000 	/System/Library/Frameworks/CoreData.framework/Versions/A/CoreData
0x00007fff693ea000 	/System/Library/PrivateFrameworks/UIFoundation.framework/Versions/A/UIFoundation
0x00007fff63c1b000 	/System/Library/PrivateFrameworks/RemoteViewServices.framework/Versions/A/RemoteViewServices
0x00007fff6be6d000 	/System/Library/PrivateFrameworks/XCTTargetBootstrap.framework/Versions/A/XCTTargetBootstrap
0x00007fff386d3000 	/System/Library/Frameworks/CoreDisplay.framework/Versions/A/CoreDisplay
0x00007fff3dc16000 	/System/Library/Frameworks/Metal.framework/Versions/A/Metal
0x00007fff52127000 	/System/Library/PrivateFrameworks/DesktopServicesPriv.framework/Versions/A/DesktopServicesPriv
0x00007fff6dc6a000 	/usr/lib/liblangid.dylib
0x00007fff5127e000 	/System/Library/PrivateFrameworks/CoreSVG.framework/Versions/A/CoreSVG
0x00007fff6699b000 	/System/Library/PrivateFrameworks/SkyLight.framework/Versions/A/SkyLight
0x00007fff38c61000 	/System/Library/Frameworks/CoreGraphics.framework/Versions/A/CoreGraphics
0x00007fff345b0000 	/System/Library/Frameworks/Accelerate.framework/Versions/A/Accelerate
0x00007fff6ef48000 	/usr/lib/libxml2.2.dylib
0x00007fff5ce2a000 	/System/Library/PrivateFrameworks/IconServices.framework/Versions/A/IconServices
0x00007fff3b685000 	/System/Library/Frameworks/IOSurface.framework/Versions/A/IOSurface
0x00007fff6c677000 	/usr/lib/libDiagnosticMessagesClient.dylib
0x00007fff51fa0000 	/System/Library/PrivateFrameworks/DFRFoundation.framework/Versions/A/DFRFoundation
0x00007fff6d9f8000 	/usr/lib/libicucore.A.dylib
0x00007fff36b49000 	/System/Library/Frameworks/AudioToolbox.framework/Versions/A/AudioToolbox
0x00007fff36c2b000 	/System/Library/Frameworks/AudioUnit.framework/Versions/A/AudioUnit
0x00007fff6cd41000 	/usr/lib/libauto.dylib
0x00007fff52021000 	/System/Library/PrivateFrameworks/DataDetectorsCore.framework/Versions/A/DataDetectorsCore
0x00007fff37397000 	/System/Library/Frameworks/Carbon.framework/Versions/A/Frameworks/HIToolbox.framework/Versions/A/HIToolbox
0x00007fff44060000 	/System/Library/Frameworks/QuartzCore.framework/Versions/A/QuartzCore
0x00007fff376d6000 	/System/Library/Frameworks/Carbon.framework/Versions/A/Frameworks/SpeechRecognition.framework/Versions/A/SpeechRecognition
0x00007fff51924000 	/System/Library/PrivateFrameworks/CoreUI.framework/Versions/A/CoreUI
0x00007fff37d5a000 	/System/Library/Frameworks/CoreAudio.framework/Versions/A/CoreAudio
0x00007fff3ab6b000 	/System/Library/Frameworks/DiskArbitration.framework/Versions/A/DiskArbitration
0x00007fff5ee33000 	/System/Library/PrivateFrameworks/MultitouchSupport.framework/Versions/A/MultitouchSupport
0x00007fff6d8be000 	/usr/lib/libenergytrace.dylib
0x00007fff3b5e0000 	/System/Library/Frameworks/IOKit.framework/Versions/A/IOKit
0x00007fff39bcd000 	/System/Library/Frameworks/CoreServices.framework/Versions/A/CoreServices
0x00007fff60ea9000 	/System/Library/PrivateFrameworks/PerformanceAnalysis.framework/Versions/A/PerformanceAnalysis
0x00007fff43097000 	/System/Library/Frameworks/OpenGL.framework/Versions/A/OpenGL
0x00007fff37885000 	/System/Library/Frameworks/ColorSync.framework/Versions/A/ColorSync
0x00007fff392e7000 	/System/Library/Frameworks/CoreImage.framework/Versions/A/CoreImage
0x00007fff3a642000 	/System/Library/Frameworks/CoreText.framework/Versions/A/CoreText
0x00007fff3b70c000 	/System/Library/Frameworks/ImageIO.framework/Versions/A/ImageIO
0x00007fff6ce1d000 	/usr/lib/libc++.1.dylib
0x00007fff6ce99000 	/usr/lib/libcompression.dylib
0x00007fff6c9b9000 	/usr/lib/libMobileGestalt.dylib
0x00007fff684cc000 	/System/Library/PrivateFrameworks/TextureIO.framework/Versions/A/TextureIO
0x00007fff6cca7000 	/usr/lib/libate.dylib
0x00007fff5d032000 	/System/Library/PrivateFrameworks/InternationalSupport.framework/Versions/A/InternationalSupport
0x00007fff6facf000 	/usr/lib/system/libcache.dylib
0x00007fff6fad5000 	/usr/lib/system/libcommonCrypto.dylib
0x00007fff6fae1000 	/usr/lib/system/libcompiler_rt.dylib
0x00007fff6fae9000 	/usr/lib/system/libcopyfile.dylib
0x00007fff6faf3000 	/usr/lib/system/libcorecrypto.dylib
0x00007fff6fca1000 	/usr/lib/system/libdispatch.dylib
0x00007fff6fce3000 	/usr/lib/system/libdyld.dylib
0x00007fff6fd19000 	/usr/lib/system/libkeymgr.dylib
0x00007fff6fd27000 	/usr/lib/system/liblaunch.dylib
0x00007fff6fd28000 	/usr/lib/system/libmacho.dylib
0x00007fff6fd2e000 	/usr/lib/system/libquarantine.dylib
0x00007fff6fd31000 	/usr/lib/system/libremovefile.dylib
0x00007fff6fd33000 	/usr/lib/system/libsystem_asl.dylib
0x00007fff6fd4b000 	/usr/lib/system/libsystem_blocks.dylib
0x00007fff6fd4c000 	/usr/lib/system/libsystem_c.dylib
0x00007fff6fdd4000 	/usr/lib/system/libsystem_configuration.dylib
0x00007fff6fdd8000 	/usr/lib/system/libsystem_coreservices.dylib
0x00007fff6fddc000 	/usr/lib/system/libsystem_darwin.dylib
0x00007fff6fde4000 	/usr/lib/system/libsystem_dnssd.dylib
0x00007fff6fdec000 	/usr/lib/system/libsystem_featureflags.dylib
0x00007fff6fdee000 	/usr/lib/system/libsystem_info.dylib
0x00007fff6fe69000 	/usr/lib/system/libsystem_m.dylib
0x00007fff6feb1000 	/usr/lib/system/libsystem_malloc.dylib
0x00007fff6fed9000 	/usr/lib/system/libsystem_networkextension.dylib
0x00007fff6fee7000 	/usr/lib/system/libsystem_notify.dylib
0x00007fff6ff06000 	/usr/lib/system/libsystem_sandbox.dylib
0x00007fff6ff0b000 	/usr/lib/system/libsystem_secinit.dylib
0x00007fff6fe3c000 	/usr/lib/system/libsystem_kernel.dylib
0x00007fff6fef1000 	/usr/lib/system/libsystem_platform.dylib
0x00007fff6fefb000 	/usr/lib/system/libsystem_pthread.dylib
0x00007fff6ff0e000 	/usr/lib/system/libsystem_symptoms.dylib
0x00007fff6ff16000 	/usr/lib/system/libsystem_trace.dylib
0x00007fff6ff2e000 	/usr/lib/system/libunwind.dylib
0x00007fff6ff34000 	/usr/lib/system/libxpc.dylib
0x00007fff6ce71000 	/usr/lib/libc++abi.dylib
0x00007fff6dc6c000 	/usr/lib/liblzma.5.dylib
0x00007fff6d8e6000 	/usr/lib/libfakelink.dylib
0x00007fff6cc34000 	/usr/lib/libarchive.2.dylib
0x00007fff45fe5000 	/System/Library/Frameworks/SystemConfiguration.framework/Versions/A/SystemConfiguration
0x00007fff6c5a8000 	/usr/lib/libCRFSuite.dylib
0x00007fff36fa1000 	/System/Library/Frameworks/CFNetwork.framework/Versions/A/CFNetwork
0x00007fff6cdff000 	/usr/lib/libbsm.0.dylib
0x00007fff6fd1a000 	/usr/lib/system/libkxld.dylib
0x00007fff4babd000 	/System/Library/PrivateFrameworks/AppleFSCompression.framework/Versions/A/AppleFSCompression
0x00007fff6d17d000 	/usr/lib/libcoretls.dylib
0x00007fff6d194000 	/usr/lib/libcoretls_cfhelpers.dylib
0x00007fff6e9c3000 	/usr/lib/libpam.2.dylib
0x00007fff6eaf3000 	/usr/lib/libsqlite3.dylib
0x00007fff6ef35000 	/usr/lib/libxar.1.dylib
0x00007fff6ce10000 	/usr/lib/libbz2.1.0.dylib
0x00007fff6d907000 	/usr/lib/libiconv.2.dylib
0x00007fff6ce86000 	/usr/lib/libcharset.1.dylib
0x00007fff6e46e000 	/usr/lib/libnetwork.dylib
0x00007fff6e9ca000 	/usr/lib/libpcap.A.dylib
0x00007fff6cbe9000 	/usr/lib/libapple_nghttp2.dylib
0x00007fff39f84000 	/System/Library/Frameworks/CoreServices.framework/Versions/A/Frameworks/FSEvents.framework/Versions/A/FSEvents
0x00007fff39c54000 	/System/Library/Frameworks/CoreServices.framework/Versions/A/Frameworks/CarbonCore.framework/Versions/A/CarbonCore
0x00007fff3a1c7000 	/System/Library/Frameworks/CoreServices.framework/Versions/A/Frameworks/Metadata.framework/Versions/A/Metadata
0x00007fff3a260000 	/System/Library/Frameworks/CoreServices.framework/Versions/A/Frameworks/OSServices.framework/Versions/A/OSServices
0x00007fff3a28e000 	/System/Library/Frameworks/CoreServices.framework/Versions/A/Frameworks/SearchKit.framework/Versions/A/SearchKit
0x00007fff39bce000 	/System/Library/Frameworks/CoreServices.framework/Versions/A/Frameworks/AE.framework/Versions/A/AE
0x00007fff39f8d000 	/System/Library/Frameworks/CoreServices.framework/Versions/A/Frameworks/LaunchServices.framework/Versions/A/LaunchServices
0x00007fff39f36000 	/System/Library/Frameworks/CoreServices.framework/Versions/A/Frameworks/DictionaryServices.framework/Versions/A/DictionaryServices
0x00007fff3a2f6000 	/System/Library/Frameworks/CoreServices.framework/Versions/A/Frameworks/SharedFileList.framework/Versions/A/SharedFileList
0x00007fff3eeeb000 	/System/Library/Frameworks/NetFS.framework/Versions/A/NetFS
0x00007fff5f2d6000 	/System/Library/PrivateFrameworks/NetAuth.framework/Versions/A/NetAuth
0x00007fff6c237000 	/System/Library/PrivateFrameworks/login.framework/Versions/A/Frameworks/loginsupport.framework/Versions/A/loginsupport
0x00007fff67fca000 	/System/Library/PrivateFrameworks/TCC.framework/Versions/A/TCC
0x00007fff50651000 	/System/Library/PrivateFrameworks/CoreNLP.framework/Versions/A/CoreNLP
0x00007fff5e863000 	/System/Library/PrivateFrameworks/MetadataUtilities.framework/Versions/A/MetadataUtilities
0x00007fff6dd44000 	/usr/lib/libmecabra.dylib
0x00007fff6dc9c000 	/usr/lib/libmecab.dylib
0x00007fff6d8f7000 	/usr/lib/libgermantok.dylib
0x00007fff6cbd0000 	/usr/lib/libThaiTokenizer.dylib
0x00007fff6c5e0000 	/usr/lib/libChineseTokenizer.dylib
0x00007fff345c8000 	/System/Library/Frameworks/Accelerate.framework/Versions/A/Frameworks/vImage.framework/Versions/A/vImage
0x00007fff3586a000 	/System/Library/Frameworks/Accelerate.framework/Versions/A/Frameworks/vecLib.framework/Versions/A/vecLib
0x00007fff357ae000 	/System/Library/Frameworks/Accelerate.framework/Versions/A/Frameworks/vecLib.framework/Versions/A/libvMisc.dylib
0x00007fff355d4000 	/System/Library/Frameworks/Accelerate.framework/Versions/A/Frameworks/vecLib.framework/Versions/A/libvDSP.dylib
0x00007fff34c34000 	/System/Library/Frameworks/Accelerate.framework/Versions/A/Frameworks/vecLib.framework/Versions/A/libBLAS.dylib
0x00007fff3518e000 	/System/Library/Frameworks/Accelerate.framework/Versions/A/Frameworks/vecLib.framework/Versions/A/libLAPACK.dylib
0x00007fff35534000 	/System/Library/Frameworks/Accelerate.framework/Versions/A/Frameworks/vecLib.framework/Versions/A/libLinearAlgebra.dylib
0x00007fff355c1000 	/System/Library/Frameworks/Accelerate.framework/Versions/A/Frameworks/vecLib.framework/Versions/A/libSparseBLAS.dylib
0x00007fff3554a000 	/System/Library/Frameworks/Accelerate.framework/Versions/A/Frameworks/vecLib.framework/Versions/A/libQuadrature.dylib
0x00007fff34e9d000 	/System/Library/Frameworks/Accelerate.framework/Versions/A/Frameworks/vecLib.framework/Versions/A/libBNNS.dylib
0x00007fff35550000 	/System/Library/Frameworks/Accelerate.framework/Versions/A/Frameworks/vecLib.framework/Versions/A/libSparse.dylib
0x00007fff5d3f0000 	/System/Library/PrivateFrameworks/LanguageModeling.framework/Versions/A/LanguageModeling
0x00007fff4fff0000 	/System/Library/PrivateFrameworks/CoreEmoji.framework/Versions/A/CoreEmoji
0x00007fff5d50e000 	/System/Library/PrivateFrameworks/LinguisticData.framework/Versions/A/LinguisticData
0x00007fff5d4bf000 	/System/Library/PrivateFrameworks/Lexicon.framework/Versions/A/Lexicon
0x00007fff6ce87000 	/usr/lib/libcmph.dylib
0x00007fff41abd000 	/System/Library/Frameworks/OpenDirectory.framework/Versions/A/Frameworks/CFOpenDirectory.framework/Versions/A/CFOpenDirectory
0x00007fff41ada000 	/System/Library/Frameworks/OpenDirectory.framework/Versions/A/OpenDirectory
0x00007fff49dab000 	/System/Library/PrivateFrameworks/APFS.framework/Versions/A/APFS
0x00007fff45172000 	/System/Library/Frameworks/SecurityFoundation.framework/Versions/A/SecurityFoundation
0x00007fff6ef31000 	/usr/lib/libutil.dylib
0x00007fff512d6000 	/System/Library/PrivateFrameworks/CoreServicesStore.framework/Versions/A/CoreServicesStore
0x00007fff45254000 	/System/Library/Frameworks/ServiceManagement.framework/Versions/A/ServiceManagement
0x00007fff4d26f000 	/System/Library/PrivateFrameworks/BackgroundTaskManagement.framework/Versions/A/BackgroundTaskManagement
0x00007fff6f02e000 	/usr/lib/libxslt.1.dylib
0x00007fff4c120000 	/System/Library/PrivateFrameworks/AppleSystemInfo.framework/Versions/A/AppleSystemInfo
0x00007fff3b928000 	/System/Library/Frameworks/ImageIO.framework/Versions/A/Resources/libJPEG.dylib
0x00007fff3bbe7000 	/System/Library/Frameworks/ImageIO.framework/Versions/A/Resources/libTIFF.dylib
0x00007fff3bbca000 	/System/Library/Frameworks/ImageIO.framework/Versions/A/Resources/libPng.dylib
0x00007fff3b869000 	/System/Library/Frameworks/ImageIO.framework/Versions/A/Resources/libGIF.dylib
0x00007fff3b86d000 	/System/Library/Frameworks/ImageIO.framework/Versions/A/Resources/libJP2.dylib
0x00007fff3bbe5000 	/System/Library/Frameworks/ImageIO.framework/Versions/A/Resources/libRadiance.dylib
0x00007fff6d8bf000 	/usr/lib/libexpat.1.dylib
0x00007fff4bc18000 	/System/Library/PrivateFrameworks/AppleJPEG.framework/Versions/A/AppleJPEG
0x00007fff54537000 	/System/Library/PrivateFrameworks/FontServices.framework/libFontParser.dylib
0x00007fff6b295000 	/System/Library/PrivateFrameworks/WatchdogClient.framework/Versions/A/WatchdogClient
0x00007fff5ca7f000 	/System/Library/PrivateFrameworks/IOAccelerator.framework/Versions/A/IOAccelerator
0x00007fff3dfa4000 	/System/Library/Frameworks/MetalPerformanceShaders.framework/Versions/A/MetalPerformanceShaders
0x00007fff59284000 	/System/Library/PrivateFrameworks/GPUWrangler.framework/Versions/A/GPUWrangler
0x00007fff5ca8a000 	/System/Library/PrivateFrameworks/IOPresentment.framework/Versions/A/IOPresentment
0x00007fff51fb3000 	/System/Library/PrivateFrameworks/DSExternalDisplay.framework/Versions/A/DSExternalDisplay
0x00007fff42443000 	/System/Library/Frameworks/OpenGL.framework/Versions/A/Libraries/libCoreFSCache.dylib
0x00007fff3dcf6000 	/System/Library/Frameworks/MetalPerformanceShaders.framework/Frameworks/MPSCore.framework/Versions/A/MPSCore
0x00007fff3dd33000 	/System/Library/Frameworks/MetalPerformanceShaders.framework/Frameworks/MPSImage.framework/Versions/A/MPSImage
0x00007fff3ddf5000 	/System/Library/Frameworks/MetalPerformanceShaders.framework/Frameworks/MPSNeuralNetwork.framework/Versions/A/MPSNeuralNetwork
0x00007fff3ddba000 	/System/Library/Frameworks/MetalPerformanceShaders.framework/Frameworks/MPSMatrix.framework/Versions/A/MPSMatrix
0x00007fff3df55000 	/System/Library/Frameworks/MetalPerformanceShaders.framework/Frameworks/MPSRayIntersector.framework/Versions/A/MPSRayIntersector
0x00007fff3dddf000 	/System/Library/Frameworks/MetalPerformanceShaders.framework/Frameworks/MPSNDArray.framework/Versions/A/MPSNDArray
0x00007fff5e8b0000 	/System/Library/PrivateFrameworks/MetalTools.framework/Versions/A/MetalTools
0x00007fff4af4b000 	/System/Library/PrivateFrameworks/AggregateDictionary.framework/Versions/A/AggregateDictionary
0x00007fff4fa83000 	/System/Library/PrivateFrameworks/CoreAnalytics.framework/Versions/A/CoreAnalytics
0x00007fff4c03e000 	/System/Library/PrivateFrameworks/AppleSauce.framework/Versions/A/AppleSauce
0x00007fff6c89c000 	/usr/lib/libIOReport.dylib
0x00007fff3a7f7000 	/System/Library/Frameworks/CoreVideo.framework/Versions/A/CoreVideo
0x00007fff5a6e9000 	/System/Library/PrivateFrameworks/GraphVisualizer.framework/Versions/A/GraphVisualizer
0x00007fff53ab6000 	/System/Library/PrivateFrameworks/FaceCore.framework/Versions/A/FaceCore
0x00007fff41a64000 	/System/Library/Frameworks/OpenCL.framework/Versions/A/OpenCL
0x00007fff6c6be000 	/usr/lib/libFosl_dynamic.dylib
0x00007fff5fcce000 	/System/Library/PrivateFrameworks/OTSVG.framework/Versions/A/OTSVG
0x00007fff3691c000 	/System/Library/Frameworks/ApplicationServices.framework/Versions/A/Frameworks/ATS.framework/Versions/A/Resources/libFontRegistry.dylib
0x00007fff54708000 	/System/Library/PrivateFrameworks/FontServices.framework/libhvf.dylib
0x00007fff4244e000 	/System/Library/Frameworks/OpenGL.framework/Versions/A/Libraries/libGFXShared.dylib
0x00007fff4262b000 	/System/Library/Frameworks/OpenGL.framework/Versions/A/Libraries/libGLU.dylib
0x00007fff42457000 	/System/Library/Frameworks/OpenGL.framework/Versions/A/Libraries/libGL.dylib
0x00007fff42462000 	/System/Library/Frameworks/OpenGL.framework/Versions/A/Libraries/libGLImage.dylib
0x00007fff42440000 	/System/Library/Frameworks/OpenGL.framework/Versions/A/Libraries/libCVMSPluginSupport.dylib
0x00007fff42449000 	/System/Library/Frameworks/OpenGL.framework/Versions/A/Libraries/libCoreVMClient.dylib
0x00007fff6e310000 	/usr/lib/libncurses.5.4.dylib
0x00007fff36818000 	/System/Library/Frameworks/ApplicationServices.framework/Versions/A/Frameworks/ATS.framework/Versions/A/ATS
0x00007fff369e5000 	/System/Library/Frameworks/ApplicationServices.framework/Versions/A/Frameworks/ColorSyncLegacy.framework/Versions/A/ColorSyncLegacy
0x00007fff36a84000 	/System/Library/Frameworks/ApplicationServices.framework/Versions/A/Frameworks/HIServices.framework/Versions/A/HIServices
0x00007fff36adb000 	/System/Library/Frameworks/ApplicationServices.framework/Versions/A/Frameworks/LangAnalysis.framework/Versions/A/LangAnalysis
0x00007fff36aea000 	/System/Library/Frameworks/ApplicationServices.framework/Versions/A/Frameworks/PrintCore.framework/Versions/A/PrintCore
0x00007fff36b30000 	/System/Library/Frameworks/ApplicationServices.framework/Versions/A/Frameworks/QD.framework/Versions/A/QD
0x00007fff36b3b000 	/System/Library/Frameworks/ApplicationServices.framework/Versions/A/Frameworks/SpeechSynthesis.framework/Versions/A/SpeechSynthesis
0x00007fff369b5000 	/System/Library/Frameworks/ApplicationServices.framework/Versions/A/Frameworks/ATSUI.framework/Versions/A/ATSUI
0x00007fff6d753000 	/usr/lib/libcups.2.dylib
0x00007fff3d055000 	/System/Library/Frameworks/Kerberos.framework/Versions/A/Kerberos
0x00007fff3b2d7000 	/System/Library/Frameworks/GSS.framework/Versions/A/GSS
0x00007fff6ea7f000 	/usr/lib/libresolv.9.dylib
0x00007fff5a88a000 	/System/Library/PrivateFrameworks/Heimdal.framework/Versions/A/Heimdal
0x00007fff3d068000 	/System/Library/Frameworks/Kerberos.framework/Versions/A/Libraries/libHeimdalProxy.dylib
0x00007fff6d8fd000 	/usr/lib/libheimdal-asn1.dylib
0x00007fff4ef27000 	/System/Library/PrivateFrameworks/CommonAuth.framework/Versions/A/CommonAuth
0x00007fff4c1bd000 	/System/Library/PrivateFrameworks/AssertionServices.framework/Versions/A/AssertionServices
0x00007fff4cd5d000 	/System/Library/PrivateFrameworks/AudioToolboxCore.framework/Versions/A/AudioToolboxCore
0x00007fff6bee9000 	/System/Library/PrivateFrameworks/caulk.framework/Versions/A/caulk
0x00007fff4d31b000 	/System/Library/PrivateFrameworks/BaseBoard.framework/Versions/A/BaseBoard
0x00007fff63da9000 	/System/Library/PrivateFrameworks/RunningBoardServices.framework/Versions/A/RunningBoardServices
0x00007fff60eb5000 	/System/Library/PrivateFrameworks/PersistentConnection.framework/Versions/A/PersistentConnection
0x00007fff637fd000 	/System/Library/PrivateFrameworks/ProtocolBuffer.framework/Versions/A/ProtocolBuffer
0x00007fff4ef4c000 	/System/Library/PrivateFrameworks/CommonUtilities.framework/Versions/A/CommonUtilities
0x00007fff4d49e000 	/System/Library/PrivateFrameworks/Bom.framework/Versions/A/Bom
0x00007fff6c56c000 	/usr/lib/libAudioToolboxUtility.dylib
0x00007fff4d279000 	/System/Library/PrivateFrameworks/Backup.framework/Versions/A/Backup
0x00007fff51d21000 	/System/Library/PrivateFrameworks/CrashReporterSupport.framework/Versions/A/CrashReporterSupport
0x00007fff65843000 	/System/Library/PrivateFrameworks/Sharing.framework/Versions/A/Sharing
0x00007fff4b963000 	/System/Library/PrivateFrameworks/Apple80211.framework/Versions/A/Apple80211
0x00007fff4cf9b000 	/System/Library/PrivateFrameworks/AuthKit.framework/Versions/A/AuthKit
0x00007fff51a51000 	/System/Library/PrivateFrameworks/CoreUtils.framework/Versions/A/CoreUtils
0x00007fff3a83c000 	/System/Library/Frameworks/CoreWLAN.framework/Versions/A/CoreWLAN
0x00007fff3b461000 	/System/Library/Frameworks/IOBluetooth.framework/Versions/A/IOBluetooth
0x00007fff5ebae000 	/System/Library/PrivateFrameworks/MobileKeyBag.framework/Versions/A/MobileKeyBag
0x00007fff50b2a000 	/System/Library/PrivateFrameworks/CorePhoneNumbers.framework/Versions/A/CorePhoneNumbers
0x00007fff4bbcb000 	/System/Library/PrivateFrameworks/AppleIDAuthSupport.framework/Versions/A/AppleIDAuthSupport
0x00007fff3eef8000 	/System/Library/Frameworks/Network.framework/Versions/A/Network
0x00007fff5d279000 	/System/Library/PrivateFrameworks/KeychainCircle.framework/Versions/A/KeychainCircle
0x00007fff382bc000 	/System/Library/Frameworks/CoreBluetooth.framework/Versions/A/CoreBluetooth
0x00007fff674db000 	/System/Library/PrivateFrameworks/SpeechRecognitionCore.framework/Versions/A/SpeechRecognitionCore
0x00007fff2ce50000 	/System/Library/CoreServices/Encodings/libJapaneseConverter.dylib
0x0000000109200000 	/Library/Java/JavaVirtualMachines/jdk1.8.0_211.jdk/Contents/Home/jre/lib/server/libjvm.dylib
0x00007fff6ee04000 	/usr/lib/libstdc++.6.dylib
0x00000001088c2000 	/Library/Java/JavaVirtualMachines/jdk1.8.0_211.jdk/Contents/Home/jre/lib/libverify.dylib
0x00000001088d0000 	/Library/Java/JavaVirtualMachines/jdk1.8.0_211.jdk/Contents/Home/jre/lib/libjava.dylib
0x0000000108907000 	/Library/Java/JavaVirtualMachines/jdk1.8.0_211.jdk/Contents/Home/jre/lib/libjdwp.dylib
0x0000000108952000 	/Library/Java/JavaVirtualMachines/jdk1.8.0_211.jdk/Contents/Home/jre/lib/libnpt.dylib
0x0000000108956000 	/Library/Java/JavaVirtualMachines/jdk1.8.0_211.jdk/Contents/Home/jre/lib/libinstrument.dylib
0x00000001089f4000 	/Library/Java/JavaVirtualMachines/jdk1.8.0_211.jdk/Contents/Home/jre/lib/libzip.dylib
0x0000000121774000 	/Library/Java/JavaVirtualMachines/jdk1.8.0_211.jdk/Contents/Home/jre/lib/libdt_socket.dylib

VM Arguments:
jvm_args: -agentlib:jdwp=transport=dt_socket,suspend=y,address=localhost:56509 -javaagent:/Applications/SpringToolSuite4.app/Contents/Eclipse/configuration/org.eclipse.osgi/236/0/.cp/lib/javaagent-shaded.jar -Dfile.encoding=UTF-8 
java_command: ReAccessLogAggregate
java_class_path (initial): /Users/yuichi/Documents/workspace-spring/access-log-aggregate/bin:/Applications/SpringToolSuite4.app/Contents/Eclipse/configuration/org.eclipse.osgi/236/0/.cp/lib/javaagent-shaded.jar
Launcher Type: SUN_STANDARD

Environment Variables:
PATH=/usr/bin:/bin:/usr/sbin:/sbin
SHELL=/bin/zsh
DISPLAY=/private/tmp/com.apple.launchd.1fXJyDXWHh/org.macosforge.xquartz:0

Signal Handlers:
SIGSEGV: [libjvm.dylib+0x5b71a7], sa_mask[0]=11111111011111110111111111111111, sa_flags=SA_ONSTACK|SA_RESTART|SA_SIGINFO
SIGBUS: [libjvm.dylib+0x5b71a7], sa_mask[0]=11111111011111110111111111111111, sa_flags=SA_RESTART|SA_SIGINFO
SIGFPE: [libjvm.dylib+0x48c8fc], sa_mask[0]=11111111011111110111111111111111, sa_flags=SA_RESTART|SA_SIGINFO
SIGPIPE: [libjvm.dylib+0x48c8fc], sa_mask[0]=11111111011111110111111111111111, sa_flags=SA_RESTART|SA_SIGINFO
SIGXFSZ: [libjvm.dylib+0x48c8fc], sa_mask[0]=11111111011111110111111111111111, sa_flags=SA_RESTART|SA_SIGINFO
SIGILL: [libjvm.dylib+0x48c8fc], sa_mask[0]=11111111011111110111111111111111, sa_flags=SA_RESTART|SA_SIGINFO
SIGUSR1: SIG_DFL, sa_mask[0]=00000000000000000000000000000000, sa_flags=none
SIGUSR2: [libjvm.dylib+0x48c41a], sa_mask[0]=00100000000000000000000000000000, sa_flags=SA_RESTART|SA_SIGINFO
SIGHUP: [libjvm.dylib+0x48a9a5], sa_mask[0]=11111111011111110111111111111111, sa_flags=SA_RESTART|SA_SIGINFO
SIGINT: [libjvm.dylib+0x48a9a5], sa_mask[0]=11111111011111110111111111111111, sa_flags=SA_RESTART|SA_SIGINFO
SIGTERM: [libjvm.dylib+0x48a9a5], sa_mask[0]=11111111011111110111111111111111, sa_flags=SA_RESTART|SA_SIGINFO
SIGQUIT: [libjvm.dylib+0x48a9a5], sa_mask[0]=11111111011111110111111111111111, sa_flags=SA_RESTART|SA_SIGINFO


---------------  S Y S T E M  ---------------

OS:Bsduname:Darwin 19.0.0 Darwin Kernel Version 19.0.0: Thu Oct 17 16:17:15 PDT 2019; root:xnu-6153.41.3~29/RELEASE_X86_64 x86_64
rlimit: STACK 8192k, CORE 0k, NPROC 1392, NOFILE 10240, AS infinity
load average:2.16 2.32 2.04

CPU:total 4 (initial active 4) (2 cores per cpu, 2 threads per core) family 6 model 61 stepping 4, cmov, cx8, fxsr, mmx, sse, sse2, sse3, ssse3, sse4.1, sse4.2, popcnt, avx, avx2, aes, clmul, erms, rtm, 3dnowpref, lzcnt, ht, tsc, tscinvbit, bmi1, bmi2, adx

Memory: 4k page, physical 8388608k(109768k free)

/proc/meminfo:


vm_info: Java HotSpot(TM) 64-Bit Server VM (25.211-b12) for bsd-amd64 JRE (1.8.0_211-b12), built on Apr  1 2019 20:53:18 by "java_re" with gcc 4.2.1 (Based on Apple Inc. build 5658) (LLVM build 2336.11.00)

time: Mon Dec 23 18:32:58 2019
timezone: JST
elapsed time: 3538 seconds (0d 0h 58m 58s)

